2022-04-10 10:56:16 INFO  Log:14 - =====================================verifyLogo TEST START=========================================
2022-04-10 10:56:16 INFO  Log:17 - =====================================verifyLogo TEST END=========================================
2022-04-10 10:56:25 INFO  Log:14 - =====================================verifyTitle TEST START=========================================
2022-04-10 10:57:42 INFO  Log:14 - =====================================verifyLogo TEST START=========================================
2022-04-10 10:57:42 INFO  Log:17 - =====================================verifyLogo TEST END=========================================
2022-04-10 10:57:50 INFO  Log:14 - =====================================verifyTitle TEST START=========================================
2022-04-10 10:57:50 INFO  Log:17 - =====================================verifyTitle TEST END=========================================
2022-04-10 10:57:58 INFO  Log:14 - =====================================loginTest TEST START=========================================
2022-04-10 10:57:58 INFO  Log:21 - user is going to click on SignIn
2022-04-10 11:02:44 INFO  Log:14 - =====================================loginTest TEST START=========================================
2022-04-10 11:02:44 INFO  Log:21 - user is going to click on SignIn
2022-04-10 11:07:41 INFO  Log:14 - =====================================loginTest TEST START=========================================
2022-04-10 11:07:41 INFO  Log:21 - user is going to click on SignIn
2022-04-10 11:09:56 INFO  Log:14 - =====================================loginTest TEST START=========================================
2022-04-10 11:09:56 INFO  Log:21 - user is going to click on SignIn
2022-04-10 11:10:53 INFO  Log:14 - =====================================loginTest TEST START=========================================
2022-04-10 11:10:53 INFO  Log:21 - user is going to click on SignIn
2022-04-10 11:13:41 INFO  Log:14 - =====================================loginTest TEST START=========================================
2022-04-10 11:13:41 INFO  Log:21 - user is going to click on SignIn
2022-04-10 11:13:48 INFO  Log:21 - Enter Username and Password
2022-04-10 11:13:55 INFO  Log:17 - =====================================loginTest TEST END=========================================
2022-04-10 17:31:38 INFO  Log:14 - =====================================loginTest TEST START=========================================
2022-04-10 17:31:38 INFO  Log:21 - user is going to click on SignIn
2022-04-10 17:31:43 INFO  Log:21 - Enter Username and Password
2022-04-10 17:31:48 INFO  Log:21 - Verifying if user is able to login
2022-04-10 17:31:48 INFO  Log:21 - Login is Sucess
2022-04-10 17:31:48 INFO  Log:17 - =====================================loginTest TEST END=========================================
2022-04-10 17:36:59 INFO  Log:14 - =====================================validateOrderHistoryDetailsTest TEST START=========================================
2022-04-10 17:37:08 INFO  Log:17 - =====================================validateOrderHistoryDetailsTest TEST END=========================================
2022-04-10 17:37:14 INFO  Log:14 - =====================================validateWishListTest TEST START=========================================
2022-04-10 17:37:22 INFO  Log:17 - =====================================validateWishListTest TEST END=========================================
2022-04-11 08:45:32 INFO  Log:14 - =====================================createAccountTest TEST START=========================================
2022-04-11 08:47:48 INFO  Log:14 - =====================================createAccountTest TEST START=========================================
2022-04-11 08:48:06 INFO  Log:17 - =====================================createAccountTest TEST END=========================================
2022-04-11 08:48:17 INFO  Log:14 - =====================================createAccountTest TEST START=========================================
2022-04-11 08:48:31 INFO  Log:17 - =====================================createAccountTest TEST END=========================================
2022-04-11 08:48:37 INFO  Log:14 - =====================================createAccountTest TEST START=========================================
2022-04-11 08:48:58 INFO  Log:17 - =====================================createAccountTest TEST END=========================================
2022-04-11 09:45:57 INFO  Log:14 - =====================================productAvailabilityTest TEST START=========================================
2022-04-11 09:46:04 INFO  Log:17 - =====================================productAvailabilityTest TEST END=========================================
2022-04-11 09:55:28 INFO  Log:14 - =====================================addToCartTest TEST START=========================================
2022-04-11 09:55:41 INFO  Log:17 - =====================================addToCartTest TEST END=========================================
2022-04-11 10:07:47 INFO  Log:14 - =====================================addToCartTest TEST START=========================================
2022-04-11 10:08:00 INFO  Log:17 - =====================================addToCartTest TEST END=========================================
2022-04-11 10:13:27 INFO  Log:14 - =====================================verifyTotalPrice TEST START=========================================
2022-04-11 10:13:51 INFO  Log:17 - =====================================verifyTotalPrice TEST END=========================================
2022-04-11 14:08:04 INFO  Log:14 - =====================================endToEndTest TEST START=========================================
2022-04-11 14:08:37 INFO  Log:17 - =====================================endToEndTest TEST END=========================================
2022-04-11 14:10:33 INFO  Log:14 - =====================================verifyLogo TEST START=========================================
2022-04-11 14:10:33 INFO  Log:17 - =====================================verifyLogo TEST END=========================================
2022-04-11 14:10:41 INFO  Log:14 - =====================================verifyLogo TEST START=========================================
2022-04-11 14:10:41 INFO  Log:17 - =====================================verifyLogo TEST END=========================================
2022-04-11 14:10:41 INFO  Log:14 - =====================================verifyTitle TEST START=========================================
2022-04-11 14:10:41 INFO  Log:17 - =====================================verifyTitle TEST END=========================================
2022-04-11 14:10:50 INFO  Log:14 - =====================================verifyTitle TEST START=========================================
2022-04-11 14:10:50 INFO  Log:17 - =====================================verifyTitle TEST END=========================================
2022-04-11 14:39:08 INFO  Log:14 - =====================================verifyLogo TEST START=========================================
2022-04-11 14:39:09 INFO  Log:17 - =====================================verifyLogo TEST END=========================================
2022-04-11 14:39:16 INFO  Log:14 - =====================================verifyTitle TEST START=========================================
2022-04-11 14:39:16 INFO  Log:17 - =====================================verifyTitle TEST END=========================================
2022-04-11 14:39:24 INFO  Log:14 - =====================================loginTest TEST START=========================================
2022-04-11 14:39:24 INFO  Log:21 - user is going to click on SignIn
2022-04-11 14:39:31 INFO  Log:21 - Enter Username and Password
2022-04-11 14:39:42 INFO  Log:21 - Verifying if user is able to login
2022-04-11 14:39:42 INFO  Log:21 - Login is Sucess
2022-04-11 14:39:42 INFO  Log:17 - =====================================loginTest TEST END=========================================
2022-04-11 14:39:52 INFO  Log:14 - =====================================validateOrderHistoryDetailsTest TEST START=========================================
2022-04-11 14:40:04 INFO  Log:17 - =====================================validateOrderHistoryDetailsTest TEST END=========================================
2022-04-11 14:40:13 INFO  Log:14 - =====================================validateWishListTest TEST START=========================================
2022-04-11 14:40:24 INFO  Log:17 - =====================================validateWishListTest TEST END=========================================
2022-04-11 14:40:30 INFO  Log:14 - =====================================createAccountTest TEST START=========================================
2022-04-11 14:40:57 INFO  Log:14 - =====================================createAccountTest TEST START=========================================
2022-04-11 14:41:24 INFO  Log:14 - =====================================createAccountTest TEST START=========================================
2022-04-11 14:41:49 INFO  Log:14 - =====================================productAvailabilityTest TEST START=========================================
2022-04-11 14:41:55 INFO  Log:17 - =====================================productAvailabilityTest TEST END=========================================
2022-04-11 14:42:04 INFO  Log:14 - =====================================addToCartTest TEST START=========================================
2022-04-11 14:42:17 INFO  Log:17 - =====================================addToCartTest TEST END=========================================
2022-04-20 09:46:06 INFO  Log:14 - =====================================verifyLogo TEST START=========================================
2022-04-20 09:46:06 INFO  Log:17 - =====================================verifyLogo TEST END=========================================
2022-04-20 09:46:13 INFO  Log:14 - =====================================verifyTitle TEST START=========================================
2022-04-20 09:46:13 INFO  Log:17 - =====================================verifyTitle TEST END=========================================
2022-04-20 09:46:21 INFO  Log:14 - =====================================loginTest TEST START=========================================
2022-04-20 09:46:21 INFO  Log:21 - user is going to click on SignIn
2022-04-20 09:46:26 INFO  Log:21 - Enter Username and Password
2022-04-20 09:46:33 INFO  Log:21 - Verifying if user is able to login
2022-04-20 09:46:33 INFO  Log:21 - Login is Sucess
2022-04-20 09:46:33 INFO  Log:17 - =====================================loginTest TEST END=========================================
2022-04-20 09:46:41 INFO  Log:14 - =====================================validateOrderHistoryDetailsTest TEST START=========================================
2022-04-20 09:46:50 INFO  Log:17 - =====================================validateOrderHistoryDetailsTest TEST END=========================================
2022-04-20 09:46:57 INFO  Log:14 - =====================================validateWishListTest TEST START=========================================
2022-04-20 09:47:07 INFO  Log:17 - =====================================validateWishListTest TEST END=========================================
2022-04-20 09:47:14 INFO  Log:14 - =====================================productAvailabilityTest TEST START=========================================
2022-04-20 09:47:23 INFO  Log:17 - =====================================productAvailabilityTest TEST END=========================================
2022-04-20 09:47:31 INFO  Log:14 - =====================================addToCartTest TEST START=========================================
2022-04-20 09:47:45 INFO  Log:17 - =====================================addToCartTest TEST END=========================================
2022-04-20 09:57:35 INFO  Log:14 - =====================================verifyLogo TEST START=========================================
2022-04-20 09:57:35 INFO  Log:17 - =====================================verifyLogo TEST END=========================================
2022-04-20 09:57:42 INFO  Log:14 - =====================================verifyLogo TEST START=========================================
2022-04-20 09:57:42 INFO  Log:17 - =====================================verifyLogo TEST END=========================================
2022-04-20 09:57:43 INFO  Log:14 - =====================================verifyTitle TEST START=========================================
2022-04-20 09:57:43 INFO  Log:17 - =====================================verifyTitle TEST END=========================================
2022-04-20 09:57:55 INFO  Log:14 - =====================================verifyTitle TEST START=========================================
2022-04-20 09:57:55 INFO  Log:17 - =====================================verifyTitle TEST END=========================================
2022-04-20 10:08:10 INFO  Log:14 - =====================================endToEndTest TEST START=========================================
2022-04-20 10:08:47 INFO  Log:17 - =====================================endToEndTest TEST END=========================================
2022-04-20 10:08:49 DEBUG cache:45 - Couldn't find template in cache for "v3html/v3-html-index.ftl"("en", UTF-8, parsed); will try to load it.
2022-04-20 10:08:49 DEBUG cache:45 - TemplateLoader.findTemplateSource("v3html/v3-html-index_en.ftl"): Not found
2022-04-20 10:08:49 DEBUG cache:45 - TemplateLoader.findTemplateSource("v3html/v3-html-index.ftl"): Found
2022-04-20 10:08:49 DEBUG cache:45 - Loading template for "v3html/v3-html-index.ftl"("en", UTF-8, parsed) from "jar:file:/C:/Users/en0aw4e/.m2/repository/com/aventstack/extentreports/4.0.9/extentreports-4.0.9.jar!/com/aventstack/extentreports/view/v3html/v3-html-index.ftl"
2022-04-20 10:08:49 DEBUG cache:45 - Couldn't find template in cache for "v3html/v3-html-head.ftl"("en", UTF-8, parsed); will try to load it.
2022-04-20 10:08:49 DEBUG cache:45 - TemplateLoader.findTemplateSource("v3html/v3-html-head_en.ftl"): Not found
2022-04-20 10:08:49 DEBUG cache:45 - TemplateLoader.findTemplateSource("v3html/v3-html-head.ftl"): Found
2022-04-20 10:08:49 DEBUG cache:45 - Loading template for "v3html/v3-html-head.ftl"("en", UTF-8, parsed) from "jar:file:/C:/Users/en0aw4e/.m2/repository/com/aventstack/extentreports/4.0.9/extentreports-4.0.9.jar!/com/aventstack/extentreports/view/v3html/v3-html-head.ftl"
2022-04-20 10:08:49 DEBUG cache:45 - Couldn't find template in cache for "v3html/v3-html-nav.ftl"("en", UTF-8, parsed); will try to load it.
2022-04-20 10:08:49 DEBUG cache:45 - TemplateLoader.findTemplateSource("v3html/v3-html-nav_en.ftl"): Not found
2022-04-20 10:08:49 DEBUG cache:45 - TemplateLoader.findTemplateSource("v3html/v3-html-nav.ftl"): Found
2022-04-20 10:08:49 DEBUG cache:45 - Loading template for "v3html/v3-html-nav.ftl"("en", UTF-8, parsed) from "jar:file:/C:/Users/en0aw4e/.m2/repository/com/aventstack/extentreports/4.0.9/extentreports-4.0.9.jar!/com/aventstack/extentreports/view/v3html/v3-html-nav.ftl"
2022-04-20 10:08:49 DEBUG cache:45 - Couldn't find template in cache for "v3html/test-view/v3-html-test-view.ftl"("en", UTF-8, parsed); will try to load it.
2022-04-20 10:08:49 DEBUG cache:45 - TemplateLoader.findTemplateSource("v3html/test-view/v3-html-test-view_en.ftl"): Not found
2022-04-20 10:08:49 DEBUG cache:45 - TemplateLoader.findTemplateSource("v3html/test-view/v3-html-test-view.ftl"): Found
2022-04-20 10:08:49 DEBUG cache:45 - Loading template for "v3html/test-view/v3-html-test-view.ftl"("en", UTF-8, parsed) from "jar:file:/C:/Users/en0aw4e/.m2/repository/com/aventstack/extentreports/4.0.9/extentreports-4.0.9.jar!/com/aventstack/extentreports/view/v3html/test-view/v3-html-test-view.ftl"
2022-04-20 10:08:49 DEBUG cache:45 - Couldn't find template in cache for "v3html/test-view/v3-html-test-view-charts.ftl"("en", UTF-8, parsed); will try to load it.
2022-04-20 10:08:49 DEBUG cache:45 - TemplateLoader.findTemplateSource("v3html/test-view/v3-html-test-view-charts_en.ftl"): Not found
2022-04-20 10:08:49 DEBUG cache:45 - TemplateLoader.findTemplateSource("v3html/test-view/v3-html-test-view-charts.ftl"): Found
2022-04-20 10:08:49 DEBUG cache:45 - Loading template for "v3html/test-view/v3-html-test-view-charts.ftl"("en", UTF-8, parsed) from "jar:file:/C:/Users/en0aw4e/.m2/repository/com/aventstack/extentreports/4.0.9/extentreports-4.0.9.jar!/com/aventstack/extentreports/view/v3html/test-view/v3-html-test-view-charts.ftl"
2022-04-20 10:08:49 DEBUG cache:45 - Couldn't find template in cache for "v3html/test-view/v3-html-standard.ftl"("en", UTF-8, parsed); will try to load it.
2022-04-20 10:08:49 DEBUG cache:45 - TemplateLoader.findTemplateSource("v3html/test-view/v3-html-standard_en.ftl"): Not found
2022-04-20 10:08:49 DEBUG cache:45 - TemplateLoader.findTemplateSource("v3html/test-view/v3-html-standard.ftl"): Found
2022-04-20 10:08:49 DEBUG cache:45 - Loading template for "v3html/test-view/v3-html-standard.ftl"("en", UTF-8, parsed) from "jar:file:/C:/Users/en0aw4e/.m2/repository/com/aventstack/extentreports/4.0.9/extentreports-4.0.9.jar!/com/aventstack/extentreports/view/v3html/test-view/v3-html-standard.ftl"
2022-04-20 10:08:49 DEBUG cache:45 - Couldn't find template in cache for "v3html/category-view/v3-html-category-view.ftl"("en", UTF-8, parsed); will try to load it.
2022-04-20 10:08:49 DEBUG cache:45 - TemplateLoader.findTemplateSource("v3html/category-view/v3-html-category-view_en.ftl"): Not found
2022-04-20 10:08:49 DEBUG cache:45 - TemplateLoader.findTemplateSource("v3html/category-view/v3-html-category-view.ftl"): Found
2022-04-20 10:08:49 DEBUG cache:45 - Loading template for "v3html/category-view/v3-html-category-view.ftl"("en", UTF-8, parsed) from "jar:file:/C:/Users/en0aw4e/.m2/repository/com/aventstack/extentreports/4.0.9/extentreports-4.0.9.jar!/com/aventstack/extentreports/view/v3html/category-view/v3-html-category-view.ftl"
2022-04-20 10:08:49 DEBUG cache:45 - Couldn't find template in cache for "v3html/exception-view/v3-html-exception-view.ftl"("en", UTF-8, parsed); will try to load it.
2022-04-20 10:08:49 DEBUG cache:45 - TemplateLoader.findTemplateSource("v3html/exception-view/v3-html-exception-view_en.ftl"): Not found
2022-04-20 10:08:49 DEBUG cache:45 - TemplateLoader.findTemplateSource("v3html/exception-view/v3-html-exception-view.ftl"): Found
2022-04-20 10:08:49 DEBUG cache:45 - Loading template for "v3html/exception-view/v3-html-exception-view.ftl"("en", UTF-8, parsed) from "jar:file:/C:/Users/en0aw4e/.m2/repository/com/aventstack/extentreports/4.0.9/extentreports-4.0.9.jar!/com/aventstack/extentreports/view/v3html/exception-view/v3-html-exception-view.ftl"
2022-04-20 10:08:49 DEBUG cache:45 - Couldn't find template in cache for "v3html/author-view/v3-html-author-view.ftl"("en", UTF-8, parsed); will try to load it.
2022-04-20 10:08:49 DEBUG cache:45 - TemplateLoader.findTemplateSource("v3html/author-view/v3-html-author-view_en.ftl"): Not found
2022-04-20 10:08:49 DEBUG cache:45 - TemplateLoader.findTemplateSource("v3html/author-view/v3-html-author-view.ftl"): Found
2022-04-20 10:08:49 DEBUG cache:45 - Loading template for "v3html/author-view/v3-html-author-view.ftl"("en", UTF-8, parsed) from "jar:file:/C:/Users/en0aw4e/.m2/repository/com/aventstack/extentreports/4.0.9/extentreports-4.0.9.jar!/com/aventstack/extentreports/view/v3html/author-view/v3-html-author-view.ftl"
2022-04-20 10:08:49 DEBUG cache:45 - Couldn't find template in cache for "v3html/dashboard-view/v3-html-dashboard-view.ftl"("en", UTF-8, parsed); will try to load it.
2022-04-20 10:08:49 DEBUG cache:45 - TemplateLoader.findTemplateSource("v3html/dashboard-view/v3-html-dashboard-view_en.ftl"): Not found
2022-04-20 10:08:49 DEBUG cache:45 - TemplateLoader.findTemplateSource("v3html/dashboard-view/v3-html-dashboard-view.ftl"): Found
2022-04-20 10:08:49 DEBUG cache:45 - Loading template for "v3html/dashboard-view/v3-html-dashboard-view.ftl"("en", UTF-8, parsed) from "jar:file:/C:/Users/en0aw4e/.m2/repository/com/aventstack/extentreports/4.0.9/extentreports-4.0.9.jar!/com/aventstack/extentreports/view/v3html/dashboard-view/v3-html-dashboard-view.ftl"
2022-04-20 10:08:49 DEBUG cache:45 - Couldn't find template in cache for "v3html/logs-view/v3-html-testrunner-logs-view.ftl"("en", UTF-8, parsed); will try to load it.
2022-04-20 10:08:49 DEBUG cache:45 - TemplateLoader.findTemplateSource("v3html/logs-view/v3-html-testrunner-logs-view_en.ftl"): Not found
2022-04-20 10:08:49 DEBUG cache:45 - TemplateLoader.findTemplateSource("v3html/logs-view/v3-html-testrunner-logs-view.ftl"): Found
2022-04-20 10:08:49 DEBUG cache:45 - Loading template for "v3html/logs-view/v3-html-testrunner-logs-view.ftl"("en", UTF-8, parsed) from "jar:file:/C:/Users/en0aw4e/.m2/repository/com/aventstack/extentreports/4.0.9/extentreports-4.0.9.jar!/com/aventstack/extentreports/view/v3html/logs-view/v3-html-testrunner-logs-view.ftl"
2022-04-20 13:06:21 INFO  Log:14 - =====================================endToEndTest TEST START=========================================
2022-04-20 13:07:36 INFO  Log:17 - =====================================endToEndTest TEST END=========================================
2022-04-20 13:07:36 DEBUG cache:45 - Couldn't find template in cache for "v3html/v3-html-index.ftl"("en", UTF-8, parsed); will try to load it.
2022-04-20 13:07:36 DEBUG cache:45 - TemplateLoader.findTemplateSource("v3html/v3-html-index_en.ftl"): Not found
2022-04-20 13:07:36 DEBUG cache:45 - TemplateLoader.findTemplateSource("v3html/v3-html-index.ftl"): Found
2022-04-20 13:07:36 DEBUG cache:45 - Loading template for "v3html/v3-html-index.ftl"("en", UTF-8, parsed) from "jar:file:/C:/Users/en0aw4e/.m2/repository/com/aventstack/extentreports/4.0.9/extentreports-4.0.9.jar!/com/aventstack/extentreports/view/v3html/v3-html-index.ftl"
2022-04-20 13:07:36 DEBUG cache:45 - Couldn't find template in cache for "v3html/v3-html-head.ftl"("en", UTF-8, parsed); will try to load it.
2022-04-20 13:07:36 DEBUG cache:45 - TemplateLoader.findTemplateSource("v3html/v3-html-head_en.ftl"): Not found
2022-04-20 13:07:36 DEBUG cache:45 - TemplateLoader.findTemplateSource("v3html/v3-html-head.ftl"): Found
2022-04-20 13:07:36 DEBUG cache:45 - Loading template for "v3html/v3-html-head.ftl"("en", UTF-8, parsed) from "jar:file:/C:/Users/en0aw4e/.m2/repository/com/aventstack/extentreports/4.0.9/extentreports-4.0.9.jar!/com/aventstack/extentreports/view/v3html/v3-html-head.ftl"
2022-04-20 13:07:36 DEBUG cache:45 - Couldn't find template in cache for "v3html/v3-html-nav.ftl"("en", UTF-8, parsed); will try to load it.
2022-04-20 13:07:36 DEBUG cache:45 - TemplateLoader.findTemplateSource("v3html/v3-html-nav_en.ftl"): Not found
2022-04-20 13:07:36 DEBUG cache:45 - TemplateLoader.findTemplateSource("v3html/v3-html-nav.ftl"): Found
2022-04-20 13:07:36 DEBUG cache:45 - Loading template for "v3html/v3-html-nav.ftl"("en", UTF-8, parsed) from "jar:file:/C:/Users/en0aw4e/.m2/repository/com/aventstack/extentreports/4.0.9/extentreports-4.0.9.jar!/com/aventstack/extentreports/view/v3html/v3-html-nav.ftl"
2022-04-20 13:07:36 DEBUG cache:45 - Couldn't find template in cache for "v3html/test-view/v3-html-test-view.ftl"("en", UTF-8, parsed); will try to load it.
2022-04-20 13:07:36 DEBUG cache:45 - TemplateLoader.findTemplateSource("v3html/test-view/v3-html-test-view_en.ftl"): Not found
2022-04-20 13:07:36 DEBUG cache:45 - TemplateLoader.findTemplateSource("v3html/test-view/v3-html-test-view.ftl"): Found
2022-04-20 13:07:36 DEBUG cache:45 - Loading template for "v3html/test-view/v3-html-test-view.ftl"("en", UTF-8, parsed) from "jar:file:/C:/Users/en0aw4e/.m2/repository/com/aventstack/extentreports/4.0.9/extentreports-4.0.9.jar!/com/aventstack/extentreports/view/v3html/test-view/v3-html-test-view.ftl"
2022-04-20 13:07:36 DEBUG cache:45 - Couldn't find template in cache for "v3html/test-view/v3-html-test-view-charts.ftl"("en", UTF-8, parsed); will try to load it.
2022-04-20 13:07:36 DEBUG cache:45 - TemplateLoader.findTemplateSource("v3html/test-view/v3-html-test-view-charts_en.ftl"): Not found
2022-04-20 13:07:36 DEBUG cache:45 - TemplateLoader.findTemplateSource("v3html/test-view/v3-html-test-view-charts.ftl"): Found
2022-04-20 13:07:36 DEBUG cache:45 - Loading template for "v3html/test-view/v3-html-test-view-charts.ftl"("en", UTF-8, parsed) from "jar:file:/C:/Users/en0aw4e/.m2/repository/com/aventstack/extentreports/4.0.9/extentreports-4.0.9.jar!/com/aventstack/extentreports/view/v3html/test-view/v3-html-test-view-charts.ftl"
2022-04-20 13:07:36 DEBUG cache:45 - Couldn't find template in cache for "v3html/test-view/v3-html-standard.ftl"("en", UTF-8, parsed); will try to load it.
2022-04-20 13:07:36 DEBUG cache:45 - TemplateLoader.findTemplateSource("v3html/test-view/v3-html-standard_en.ftl"): Not found
2022-04-20 13:07:36 DEBUG cache:45 - TemplateLoader.findTemplateSource("v3html/test-view/v3-html-standard.ftl"): Found
2022-04-20 13:07:36 DEBUG cache:45 - Loading template for "v3html/test-view/v3-html-standard.ftl"("en", UTF-8, parsed) from "jar:file:/C:/Users/en0aw4e/.m2/repository/com/aventstack/extentreports/4.0.9/extentreports-4.0.9.jar!/com/aventstack/extentreports/view/v3html/test-view/v3-html-standard.ftl"
2022-04-20 13:07:37 DEBUG cache:45 - Couldn't find template in cache for "v3html/category-view/v3-html-category-view.ftl"("en", UTF-8, parsed); will try to load it.
2022-04-20 13:07:37 DEBUG cache:45 - TemplateLoader.findTemplateSource("v3html/category-view/v3-html-category-view_en.ftl"): Not found
2022-04-20 13:07:37 DEBUG cache:45 - TemplateLoader.findTemplateSource("v3html/category-view/v3-html-category-view.ftl"): Found
2022-04-20 13:07:37 DEBUG cache:45 - Loading template for "v3html/category-view/v3-html-category-view.ftl"("en", UTF-8, parsed) from "jar:file:/C:/Users/en0aw4e/.m2/repository/com/aventstack/extentreports/4.0.9/extentreports-4.0.9.jar!/com/aventstack/extentreports/view/v3html/category-view/v3-html-category-view.ftl"
2022-04-20 13:07:37 DEBUG cache:45 - Couldn't find template in cache for "v3html/exception-view/v3-html-exception-view.ftl"("en", UTF-8, parsed); will try to load it.
2022-04-20 13:07:37 DEBUG cache:45 - TemplateLoader.findTemplateSource("v3html/exception-view/v3-html-exception-view_en.ftl"): Not found
2022-04-20 13:07:37 DEBUG cache:45 - TemplateLoader.findTemplateSource("v3html/exception-view/v3-html-exception-view.ftl"): Found
2022-04-20 13:07:37 DEBUG cache:45 - Loading template for "v3html/exception-view/v3-html-exception-view.ftl"("en", UTF-8, parsed) from "jar:file:/C:/Users/en0aw4e/.m2/repository/com/aventstack/extentreports/4.0.9/extentreports-4.0.9.jar!/com/aventstack/extentreports/view/v3html/exception-view/v3-html-exception-view.ftl"
2022-04-20 13:07:37 DEBUG cache:45 - Couldn't find template in cache for "v3html/author-view/v3-html-author-view.ftl"("en", UTF-8, parsed); will try to load it.
2022-04-20 13:07:37 DEBUG cache:45 - TemplateLoader.findTemplateSource("v3html/author-view/v3-html-author-view_en.ftl"): Not found
2022-04-20 13:07:37 DEBUG cache:45 - TemplateLoader.findTemplateSource("v3html/author-view/v3-html-author-view.ftl"): Found
2022-04-20 13:07:37 DEBUG cache:45 - Loading template for "v3html/author-view/v3-html-author-view.ftl"("en", UTF-8, parsed) from "jar:file:/C:/Users/en0aw4e/.m2/repository/com/aventstack/extentreports/4.0.9/extentreports-4.0.9.jar!/com/aventstack/extentreports/view/v3html/author-view/v3-html-author-view.ftl"
2022-04-20 13:07:37 DEBUG cache:45 - Couldn't find template in cache for "v3html/dashboard-view/v3-html-dashboard-view.ftl"("en", UTF-8, parsed); will try to load it.
2022-04-20 13:07:37 DEBUG cache:45 - TemplateLoader.findTemplateSource("v3html/dashboard-view/v3-html-dashboard-view_en.ftl"): Not found
2022-04-20 13:07:37 DEBUG cache:45 - TemplateLoader.findTemplateSource("v3html/dashboard-view/v3-html-dashboard-view.ftl"): Found
2022-04-20 13:07:37 DEBUG cache:45 - Loading template for "v3html/dashboard-view/v3-html-dashboard-view.ftl"("en", UTF-8, parsed) from "jar:file:/C:/Users/en0aw4e/.m2/repository/com/aventstack/extentreports/4.0.9/extentreports-4.0.9.jar!/com/aventstack/extentreports/view/v3html/dashboard-view/v3-html-dashboard-view.ftl"
2022-04-20 13:07:37 DEBUG cache:45 - Couldn't find template in cache for "v3html/logs-view/v3-html-testrunner-logs-view.ftl"("en", UTF-8, parsed); will try to load it.
2022-04-20 13:07:37 DEBUG cache:45 - TemplateLoader.findTemplateSource("v3html/logs-view/v3-html-testrunner-logs-view_en.ftl"): Not found
2022-04-20 13:07:37 DEBUG cache:45 - TemplateLoader.findTemplateSource("v3html/logs-view/v3-html-testrunner-logs-view.ftl"): Found
2022-04-20 13:07:37 DEBUG cache:45 - Loading template for "v3html/logs-view/v3-html-testrunner-logs-view.ftl"("en", UTF-8, parsed) from "jar:file:/C:/Users/en0aw4e/.m2/repository/com/aventstack/extentreports/4.0.9/extentreports-4.0.9.jar!/com/aventstack/extentreports/view/v3html/logs-view/v3-html-testrunner-logs-view.ftl"
